2022/11/28 15:09:31 server listening at 127.0.0.1:3000
2022/11/28 15:09:32 server listening at 127.0.0.1:3001
2022/11/28 15:09:35 server listening at 127.0.0.1:3002
2022/11/28 15:09:49 server 0: recieved a bid from silas. Amount: 100
2022/11/28 15:09:49 server 0: started a new auction
2022/11/28 15:09:49 server 1: recieved a bid from silas. Amount: 100
2022/11/28 15:09:49 server 1: started a new auction
2022/11/28 15:09:49 server 2: recieved a bid from silas. Amount: 100
2022/11/28 15:09:49 server 2: started a new auction
2022/11/28 15:09:55 server 0: recieved a bid from farcus. Amount: 50
2022/11/28 15:09:55 server 1: recieved a bid from farcus. Amount: 50
2022/11/28 15:09:55 server 2: recieved a bid from farcus. Amount: 50
2022/11/28 15:09:57 server 0: recieved a bid from farcus. Amount: 100
2022/11/28 15:09:57 server 1: recieved a bid from farcus. Amount: 100
2022/11/28 15:09:57 server 2: recieved a bid from farcus. Amount: 100
2022/11/28 15:09:58 time left of auction at server 0: 50 seconds
2022/11/28 15:09:58 time left of auction at server 1: 50 seconds
2022/11/28 15:09:58 time left of auction at server 2: 50 seconds
2022/11/28 15:10:00 server 0: recieved a bid from farcus. Amount: 150
2022/11/28 15:10:00 server 1: recieved a bid from farcus. Amount: 150
2022/11/28 15:10:00 server 2: recieved a bid from farcus. Amount: 150
2022/11/28 15:10:09 time left of auction at server 1: 40 seconds
2022/11/28 15:10:09 time left of auction at server 0: 40 seconds
2022/11/28 15:10:15 server 0: recieved a bid from silas. Amount: 200
2022/11/28 15:10:15 server 1: recieved a bid from silas. Amount: 200
2022/11/28 15:10:19 time left of auction at server 1: 30 seconds
2022/11/28 15:10:19 time left of auction at server 0: 30 seconds
2022/11/28 15:10:25 server 0: recieved a bid from farcus. Amount: 250
2022/11/28 15:10:25 server 1: recieved a bid from farcus. Amount: 250
2022/11/28 15:10:29 time left of auction at server 1: 20 seconds
2022/11/28 15:10:29 time left of auction at server 0: 20 seconds
2022/11/28 15:10:35 server 0: recieved a bid from silas. Amount: 300
2022/11/28 15:10:35 server 1: recieved a bid from silas. Amount: 300
2022/11/28 15:10:39 time left of auction at server 0: 10 seconds
2022/11/28 15:10:39 time left of auction at server 1: 10 seconds
2022/11/28 15:10:40 server 0: recieved a bid from farcus. Amount: 275
2022/11/28 15:10:40 server 1: recieved a bid from farcus. Amount: 275
2022/11/28 15:10:43 server 0: recieved a bid from farcus. Amount: 350
2022/11/28 15:10:43 server 1: recieved a bid from farcus. Amount: 350
2022/11/28 15:10:49 time left of auction at server 0: 0 seconds
2022/11/28 15:10:49 time left of auction at server 1: 0 seconds
